<?xml version="1.0" encoding="UTF-8"?>
<!-- Generated by org.testng.reporters.JUnitReportReporter -->
<testsuite hostname="Lenovo" failures="0" tests="4" name="testNG.GroupingExample" time="0.065" errors="0" timestamp="2022-10-09T22:30:40 IST" skipped="0">
  <testcase classname="testNG.GroupingExample" name="vivo1" time="0.003"/>
  <system-out/>
  <testcase classname="testNG.GroupingExample" name="moto1" time="0.055"/>
  <system-out/>
  <testcase classname="testNG.GroupingExample" name="moto2" time="0.004"/>
  <system-out/>
  <testcase classname="testNG.GroupingExample" name="vivo2" time="0.003"/>
  <system-out/>
</testsuite> <!-- testNG.GroupingExample -->
