<?xml version="1.0" encoding="UTF-8"?>
<!-- Generated by org.testng.reporters.JUnitReportReporter -->
<testsuite hostname="Lenovo" failures="0" tests="3" name="testNG.SuiteExample" time="27.664" errors="0" timestamp="2022-10-09T19:45:12 IST" skipped="0">
  <testcase classname="testNG.SuiteExample" name="openGoogle" time="13.944"/>
  <system-out/>
  <testcase classname="testNG.SuiteExample" name="openBing" time="8.848"/>
  <system-out/>
  <testcase classname="testNG.SuiteExample" name="openYahoo" time="4.872"/>
  <system-out/>
</testsuite> <!-- testNG.SuiteExample -->
