<?xml version="1.0" encoding="UTF-8"?>
<!-- Generated by org.testng.reporters.JUnitReportReporter -->
<testsuite hostname="Lenovo" failures="0" tests="1" name="testNG.parameterizationExample" time="0.042" errors="0" timestamp="2022-10-09T22:56:43 IST" skipped="0">
  <testcase classname="testNG.parameterizationExample" name="printName" time="0.042"/>
  <system-out/>
</testsuite> <!-- testNG.parameterizationExample -->
