<?xml version="1.0" encoding="UTF-8"?>
<!-- Generated by org.testng.reporters.JUnitReportReporter -->
<testsuite hostname="Lenovo" failures="0" tests="4" name="testNG.SampleTestCase" time="0.027" errors="0" timestamp="2022-10-09T20:59:39 IST" skipped="0">
  <testcase classname="testNG.SampleTestCase" name="fourthTestCase" time="0.009"/>
  <system-out/>
  <testcase classname="testNG.SampleTestCase" name="firstTestCase" time="0.009"/>
  <system-out/>
  <testcase classname="testNG.SampleTestCase" name="secondTestCase" time="0.005"/>
  <system-out/>
  <testcase classname="testNG.SampleTestCase" name="thirdTestCase" time="0.004"/>
  <system-out/>
</testsuite> <!-- testNG.SampleTestCase -->
