<?xml version="1.0" encoding="UTF-8"?>
<!-- Generated by org.testng.reporters.JUnitReportReporter -->
<testsuite hostname="Lenovo" failures="0" tests="3" name="testNG.DependanciessManagement" time="0.045" errors="0" timestamp="2022-10-09T20:59:39 IST" skipped="0">
  <testcase classname="testNG.DependanciessManagement" name="highSchool" time="0.033"/>
  <system-out/>
  <testcase classname="testNG.DependanciessManagement" name="higherSecondary" time="0.008"/>
  <system-out/>
  <testcase classname="testNG.DependanciessManagement" name="engineering" time="0.004"/>
  <system-out/>
</testsuite> <!-- testNG.DependanciessManagement -->
