<?xml version="1.0" encoding="UTF-8"?>
<!-- Generated by org.testng.reporters.JUnitReportReporter -->
<testsuite hostname="Lenovo" failures="0" tests="6" name="testNG.SkipATestCase" time="0.022" errors="0" timestamp="2022-10-09T20:59:39 IST" skipped="1">
  <testcase classname="testNG.SkipATestCase" name="StartTheCar" time="0.006"/>
  <system-out/>
  <testcase classname="testNG.SkipATestCase" name="putFirstGear" time="0.005"/>
  <system-out/>
  <testcase classname="testNG.SkipATestCase" name="putSecondGear" time="0.004"/>
  <system-out/>
  <testcase classname="testNG.SkipATestCase" name="putThirdGear" time="0.004"/>
  <system-out/>
  <testcase classname="testNG.SkipATestCase" name="putFourthGear" time="0.003"/>
  <system-out/>
  <testcase classname="testNG.SkipATestCase" name="turnTheMusicOn">
    <skipped/>
  </testcase> <!-- turnTheMusicOn -->
  <system-out/>
</testsuite> <!-- testNG.SkipATestCase -->
