<?xml version="1.0" encoding="UTF-8"?>
<!-- Generated by org.testng.reporters.JUnitReportReporter -->
<testsuite hostname="Lenovo" failures="0" tests="5" name="testNG.DriveACar" time="0.056" errors="0" timestamp="2022-10-09T20:59:39 IST" skipped="0">
  <testcase classname="testNG.DriveACar" name="StartTheCar" time="0.004"/>
  <system-out/>
  <testcase classname="testNG.DriveACar" name="putFirstGear" time="0.006"/>
  <system-out/>
  <testcase classname="testNG.DriveACar" name="putSecondGear" time="0.009"/>
  <system-out/>
  <testcase classname="testNG.DriveACar" name="putThirdGear" time="0.005"/>
  <system-out/>
  <testcase classname="testNG.DriveACar" name="putFourthGear" time="0.032"/>
  <system-out/>
</testsuite> <!-- testNG.DriveACar -->
